<?xml version="1.0" encoding="UTF-8"?>
<!-- Generated by org.testng.reporters.JUnitReportReporter -->
<testsuite hostname="Pragatis-MBP.lan" failures="0" tests="1" name="Test.Oct8Test4" time="4.377" errors="0" timestamp="2023-10-08T21:38:02 GMT-05:00" skipped="0">
  <testcase classname="Test.Oct8Test4" name="testTwo" time="4.377"/>
</testsuite> <!-- Test.Oct8Test4 -->
