<?xml version="1.0" encoding="UTF-8"?>
<!-- Generated by org.testng.reporters.JUnitReportReporter -->
<testsuite hostname="Pragatis-MBP.lan" failures="0" tests="3" name="Test.Oct8Test3" time="0.003" errors="0" timestamp="2023-10-08T21:42:40 GMT-05:00" skipped="0">
  <testcase classname="Test.Oct8Test3" name="testCase4" time="0.001"/>
  <testcase classname="Test.Oct8Test3" name="testCase5" time="0.001"/>
  <testcase classname="Test.Oct8Test3" name="testCase6" time="0.001"/>
</testsuite> <!-- Test.Oct8Test3 -->
