<?xml version="1.0" encoding="UTF-8"?>
<!-- Generated by org.testng.reporters.JUnitReportReporter -->
<testsuite hostname="Pragatis-MBP.lan" failures="0" tests="3" name="Test.Oct8Test2" time="0.014" errors="0" timestamp="2023-10-08T21:42:40 GMT-05:00" skipped="0">
  <testcase classname="Test.Oct8Test2" name="testCase1" time="0.010"/>
  <testcase classname="Test.Oct8Test2" name="testCase3" time="0.002"/>
  <testcase classname="Test.Oct8Test2" name="testCase2" time="0.002"/>
</testsuite> <!-- Test.Oct8Test2 -->
